2018-01-03 11:15:15,939 [main] DEBUG  sapient - hashmap initialized with two parameter
2018-01-03 11:15:15,941 [main] DEBUG  sapient - service instance created
2018-01-03 11:15:15,942 [main] INFO   sapient - transfer the amount rs 5000 from acc 1003 to 1002
2018-01-03 11:15:15,942 [main] DEBUG  sapient - i sda
2018-01-03 11:15:15,942 [main] INFO   sapient - accont found
2018-01-03 11:15:15,942 [main] DEBUG  sapient - from account retrived
2018-01-03 11:15:15,942 [main] DEBUG  sapient - i sda
2018-01-03 11:15:15,942 [main] INFO   sapient - accont found
2018-01-03 11:15:15,942 [main] DEBUG  sapient - toaccount retrived
2018-01-03 11:15:15,945 [main] INFO   sapient - successfuly transfered
2018-01-03 11:16:15,653 [main] DEBUG  sapient - hashmap initialized with two parameter
2018-01-03 11:16:15,655 [main] DEBUG  sapient - service instance created
2018-01-03 11:16:15,655 [main] INFO   sapient - transfer the amount rs 5000 from acc 1003 to 1002
2018-01-03 11:16:15,656 [main] DEBUG  sapient - i sda
2018-01-03 11:16:15,656 [main] INFO   sapient - accont found
2018-01-03 11:16:15,656 [main] DEBUG  sapient - from account retrived
2018-01-03 11:16:15,656 [main] DEBUG  sapient - i sda
2018-01-03 11:16:15,656 [main] INFO   sapient - accont found
2018-01-03 11:16:15,656 [main] DEBUG  sapient - toaccount retrived
2018-01-03 11:16:15,657 [main] INFO   sapient - successfuly transfered
2018-01-03 11:17:39,320 [main] DEBUG  sapient - hashmap initialized with two parameter
2018-01-03 11:17:39,322 [main] DEBUG  sapient - service instance created
2018-01-03 11:17:39,322 [main] INFO   sapient - transfer the amount rs 5000 from acc 1003 to 1002
2018-01-03 11:17:39,323 [main] DEBUG  sapient - i sda
2018-01-03 11:17:39,323 [main] INFO   sapient - accont found
2018-01-03 11:17:39,323 [main] DEBUG  sapient - from account retrived
2018-01-03 11:17:39,323 [main] DEBUG  sapient - i sda
2018-01-03 11:17:39,323 [main] INFO   sapient - accont found
2018-01-03 11:17:39,323 [main] DEBUG  sapient - toaccount retrived
2018-01-03 11:17:39,324 [main] INFO   sapient - successfuly transfered
2018-01-03 12:07:01,946 [main] DEBUG  sapient - hashmap initialized with two parameter
2018-01-03 12:07:01,946 [main] DEBUG  sapient - service instance created
2018-01-03 12:07:01,946 [main] INFO   sapient - transfer the amount rs 5000 from acc 1003 to 1002
2018-01-03 12:07:01,946 [main] DEBUG  sapient - i sda
2018-01-03 12:07:01,946 [main] INFO   sapient - accont found
2018-01-03 12:07:01,946 [main] DEBUG  sapient - from account retrived
2018-01-03 12:07:01,946 [main] DEBUG  sapient - i sda
2018-01-03 12:07:01,946 [main] INFO   sapient - accont found
2018-01-03 12:07:01,946 [main] DEBUG  sapient - toaccount retrived
2018-01-03 12:07:01,946 [main] INFO   sapient - successfuly transfered
